Performing C++ SOURCE FILE Test CMAKE_HAVE_LIBC_PTHREAD failed with the following output:
Change Dir: /home/kali/PartitionORAM/build/CMakeFiles/CMakeTmp

Run Build Command(s):/usr/bin/gmake -f Makefile cmTC_c710b/fast && /usr/bin/gmake  -f CMakeFiles/cmTC_c710b.dir/build.make CMakeFiles/cmTC_c710b.dir/build
gmake[1]: Entering directory '/home/kali/PartitionORAM/build/CMakeFiles/CMakeTmp'
Building CXX object CMakeFiles/cmTC_c710b.dir/src.cxx.o
/usr/bin/c++ -DCMAKE_HAVE_LIBC_PTHREAD   -o CMakeFiles/cmTC_c710b.dir/src.cxx.o -c /home/kali/PartitionORAM/build/CMakeFiles/CMakeTmp/src.cxx
Linking CXX executable cmTC_c710b
/usr/bin/cmake -E cmake_link_script CMakeFiles/cmTC_c710b.dir/link.txt --verbose=1
/usr/bin/c++ CMakeFiles/cmTC_c710b.dir/src.cxx.o -o cmTC_c710b 
/usr/local/bin/ld: CMakeFiles/cmTC_c710b.dir/src.cxx.o: in function `main':
src.cxx:(.text+0x2f): undefined reference to `pthread_create'
/usr/local/bin/ld: src.cxx:(.text+0x3b): undefined reference to `pthread_detach'
/usr/local/bin/ld: src.cxx:(.text+0x47): undefined reference to `pthread_cancel'
/usr/local/bin/ld: src.cxx:(.text+0x58): undefined reference to `pthread_join'
collect2: error: ld returned 1 exit status
gmake[1]: *** [CMakeFiles/cmTC_c710b.dir/build.make:99: cmTC_c710b] Error 1
gmake[1]: Leaving directory '/home/kali/PartitionORAM/build/CMakeFiles/CMakeTmp'
gmake: *** [Makefile:127: cmTC_c710b/fast] Error 2


Source file was:
#include <pthread.h>

static void* test_func(void* data)
{
  return data;
}

int main(void)
{
  pthread_t thread;
  pthread_create(&thread, NULL, test_func, NULL);
  pthread_detach(thread);
  pthread_cancel(thread);
  pthread_join(thread, NULL);
  pthread_atfork(NULL, NULL, NULL);
  pthread_exit(NULL);

  return 0;
}

Determining if the function pthread_create exists in the pthreads failed with the following output:
Change Dir: /home/kali/PartitionORAM/build/CMakeFiles/CMakeTmp

Run Build Command(s):/usr/bin/gmake -f Makefile cmTC_127a9/fast && /usr/bin/gmake  -f CMakeFiles/cmTC_127a9.dir/build.make CMakeFiles/cmTC_127a9.dir/build
gmake[1]: Entering directory '/home/kali/PartitionORAM/build/CMakeFiles/CMakeTmp'
Building CXX object CMakeFiles/cmTC_127a9.dir/CheckFunctionExists.cxx.o
/usr/bin/c++   -DCHECK_FUNCTION_EXISTS=pthread_create -o CMakeFiles/cmTC_127a9.dir/CheckFunctionExists.cxx.o -c /home/kali/PartitionORAM/build/CMakeFiles/CheckLibraryExists/CheckFunctionExists.cxx
Linking CXX executable cmTC_127a9
/usr/bin/cmake -E cmake_link_script CMakeFiles/cmTC_127a9.dir/link.txt --verbose=1
/usr/bin/c++  -DCHECK_FUNCTION_EXISTS=pthread_create CMakeFiles/cmTC_127a9.dir/CheckFunctionExists.cxx.o -o cmTC_127a9  -lpthreads 
/usr/local/bin/ld: cannot find -lpthreads
collect2: error: ld returned 1 exit status
gmake[1]: *** [CMakeFiles/cmTC_127a9.dir/build.make:99: cmTC_127a9] Error 1
gmake[1]: Leaving directory '/home/kali/PartitionORAM/build/CMakeFiles/CMakeTmp'
gmake: *** [Makefile:127: cmTC_127a9/fast] Error 2



